<?xml version="1.0" encoding="UTF-8"?>
<!-- Generated by org.testng.reporters.JUnitReportReporter -->
<testsuite hostname="CSCO-W-PF2S47QP" failures="0" tests="2" name="com.test.mobile.NewTest" time="0.006" errors="0" timestamp="2023-03-02T00:29:26 IST" skipped="0">
  <testcase classname="com.test.mobile.NewTest" name="test2" time="0.001"/>
  <system-out/>
  <testcase classname="com.test.mobile.NewTest" name="test1" time="0.005"/>
  <system-out/>
</testsuite> <!-- com.test.mobile.NewTest -->
